[GoSummarizer] 2025/10/26 20:13:44 solution_summarizer.go:72: Logger inicializado correctamente.
[GoSummarizer] 2025/10/26 20:29:09 solution_summarizer.go:72: Logger inicializado correctamente.
[GoSummarizer] 2025/10/26 20:29:09 solution_summarizer.go:102: Inicio de ejecución del CLI Summarizer
[GoSummarizer] 2025/10/26 20:29:09 solution_summarizer.go:192: Enviando solicitud a HuggingFace | Modelo: facebook/bart-large-cnn | Tipo: short
[GoSummarizer] 2025/10/26 20:29:09 solution_summarizer.go:204: Error de API (401): {"error":"Invalid credentials in Authorization header"}
[GoSummarizer] 2025/10/26 20:29:52 solution_summarizer.go:72: Logger inicializado correctamente.
[GoSummarizer] 2025/10/26 20:29:52 solution_summarizer.go:102: Inicio de ejecución del CLI Summarizer
[GoSummarizer] 2025/10/26 20:29:52 solution_summarizer.go:192: Enviando solicitud a HuggingFace | Modelo: facebook/bart-large-cnn | Tipo: short
[GoSummarizer] 2025/10/26 20:29:53 solution_summarizer.go:219: Resumen generado correctamente. Longitud: 150 caracteres
[GoSummarizer] 2025/10/26 20:29:53 solution_summarizer.go:220: Primeras palabras: MercadoLibre is one of the principales plataformas de comercio electrónico en Am
[GoSummarizer] 2025/10/26 20:35:52 solution_summarizer.go:72: Logger inicializado correctamente.
[GoSummarizer] 2025/10/26 20:35:52 solution_summarizer.go:102: Inicio de ejecución del CLI Summarizer
[GoSummarizer] 2025/10/26 20:35:52 solution_summarizer.go:192: Enviando solicitud a HuggingFace | Modelo: facebook/bart-large-cnn | Tipo: short
[GoSummarizer] 2025/10/26 20:35:53 solution_summarizer.go:219: Resumen generado correctamente. Longitud: 139 caracteres
[GoSummarizer] 2025/10/26 20:35:53 solution_summarizer.go:220: Primeras palabras: MercadoLibre is one of the leading e-commerce platforms in Latin America. Its gr
[GoSummarizer] 2025/10/26 20:37:27 solution_summarizer.go:72: Logger inicializado correctamente.
[GoSummarizer] 2025/10/26 20:37:27 solution_summarizer.go:102: Inicio de ejecución del CLI Summarizer
[GoSummarizer] 2025/10/26 20:37:27 solution_summarizer.go:192: Enviando solicitud a HuggingFace | Modelo: facebook/bart-large-cnn | Tipo: bullet
[GoSummarizer] 2025/10/26 20:37:29 solution_summarizer.go:219: Resumen generado correctamente. Longitud: 253 caracteres
[GoSummarizer] 2025/10/26 20:37:29 solution_summarizer.go:220: Primeras palabras: MercadoLibre is one of the leading e-commerce platforms in Latin America. It all
[GoSummarizer] 2025/10/26 20:37:40 solution_summarizer.go:72: Logger inicializado correctamente.
[GoSummarizer] 2025/10/26 20:37:40 solution_summarizer.go:102: Inicio de ejecución del CLI Summarizer
[GoSummarizer] 2025/10/26 20:37:40 solution_summarizer.go:118: Error: Tipo de resumen inválido recibido: bull
