[GoSummarizer] 2025/10/25 22:30:50 solution_summarizer.go:71: Logger inicializado correctamente.
[GoSummarizer] 2025/10/25 22:30:50 solution_summarizer.go:101: Inicio de ejecución del CLI Summarizer
[GoSummarizer] 2025/10/25 22:30:50 solution_summarizer.go:175: Enviando solicitud a HuggingFace para tipo: short
[GoSummarizer] 2025/10/25 22:30:52 solution_summarizer.go:202: Resumen generado correctamente.
[GoSummarizer] 2025/10/26 08:47:05 solution_summarizer.go:71: Logger inicializado correctamente.
[GoSummarizer] 2025/10/26 08:47:05 solution_summarizer.go:101: Inicio de ejecución del CLI Summarizer
[GoSummarizer] 2025/10/26 08:47:05 solution_summarizer.go:175: Enviando solicitud a HuggingFace para tipo: medium
[GoSummarizer] 2025/10/26 08:47:06 solution_summarizer.go:187: Error de API (401): {"error":"Invalid credentials in Authorization header"}
[GoSummarizer] 2025/10/26 08:47:47 solution_summarizer.go:71: Logger inicializado correctamente.
[GoSummarizer] 2025/10/26 08:47:47 solution_summarizer.go:101: Inicio de ejecución del CLI Summarizer
[GoSummarizer] 2025/10/26 08:47:47 solution_summarizer.go:175: Enviando solicitud a HuggingFace para tipo: medium
[GoSummarizer] 2025/10/26 08:47:50 solution_summarizer.go:202: Resumen generado correctamente. Longitud: 254 caracteres
[GoSummarizer] 2025/10/26 08:47:50 solution_summarizer.go:203: Primeras palabras: MercadoLibre is one of the principales plataformas de comercio electrónico en Am
[GoSummarizer] 2025/10/26 08:49:00 solution_summarizer.go:71: Logger inicializado correctamente.
[GoSummarizer] 2025/10/26 08:49:00 solution_summarizer.go:101: Inicio de ejecución del CLI Summarizer
[GoSummarizer] 2025/10/26 08:49:00 solution_summarizer.go:175: Enviando solicitud a HuggingFace para tipo: bullet
[GoSummarizer] 2025/10/26 08:49:02 solution_summarizer.go:202: Resumen generado correctamente. Longitud: 180 caracteres
[GoSummarizer] 2025/10/26 08:49:02 solution_summarizer.go:203: Primeras palabras: MercadoLibre is one of the principales plataformas de comercio electrónico en Am
[GoSummarizer] 2025/10/26 08:50:19 solution_summarizer.go:71: Logger inicializado correctamente.
[GoSummarizer] 2025/10/26 08:50:19 solution_summarizer.go:101: Inicio de ejecución del CLI Summarizer
[GoSummarizer] 2025/10/26 08:50:19 solution_summarizer.go:175: Enviando solicitud a HuggingFace para tipo: bull
[GoSummarizer] 2025/10/26 08:50:22 solution_summarizer.go:202: Resumen generado correctamente. Longitud: 178 caracteres
[GoSummarizer] 2025/10/26 08:50:22 solution_summarizer.go:203: Primeras palabras: MercadoLibre es una de las principales plataformas de comercio electrónico en Am
[GoSummarizer] 2025/10/26 08:50:34 solution_summarizer.go:71: Logger inicializado correctamente.
[GoSummarizer] 2025/10/26 08:50:34 solution_summarizer.go:101: Inicio de ejecución del CLI Summarizer
[GoSummarizer] 2025/10/26 08:50:34 solution_summarizer.go:175: Enviando solicitud a HuggingFace para tipo: asd
[GoSummarizer] 2025/10/26 08:50:36 solution_summarizer.go:202: Resumen generado correctamente. Longitud: 178 caracteres
[GoSummarizer] 2025/10/26 08:50:36 solution_summarizer.go:203: Primeras palabras: MercadoLibre es una de las principales plataformas de comercio electrónico en Am
[GoSummarizer] 2025/10/26 08:51:37 solution_summarizer.go:71: Logger inicializado correctamente.
[GoSummarizer] 2025/10/26 08:51:37 solution_summarizer.go:101: Inicio de ejecución del CLI Summarizer
[GoSummarizer] 2025/10/26 08:51:37 solution_summarizer.go:129: Error al leer el archivo: open art.txt: The system cannot find the file specified.
[GoSummarizer] 2025/10/26 08:53:32 solution_summarizer.go:71: Logger inicializado correctamente.
[GoSummarizer] 2025/10/26 08:53:32 solution_summarizer.go:101: Inicio de ejecución del CLI Summarizer
[GoSummarizer] 2025/10/26 08:53:32 solution_summarizer.go:117: Error: Tipo de resumen inválido recibido: asd
[GoSummarizer] 2025/10/26 08:53:44 solution_summarizer.go:71: Logger inicializado correctamente.
[GoSummarizer] 2025/10/26 08:53:44 solution_summarizer.go:101: Inicio de ejecución del CLI Summarizer
[GoSummarizer] 2025/10/26 08:53:44 solution_summarizer.go:117: Error: Tipo de resumen inválido recibido: bull
[GoSummarizer] 2025/10/26 09:11:02 solution_summarizer.go:72: Logger inicializado correctamente.
[GoSummarizer] 2025/10/26 09:11:02 solution_summarizer.go:102: Inicio de ejecución del CLI Summarizer
[GoSummarizer] 2025/10/26 09:11:02 solution_summarizer.go:192: Enviando solicitud a HuggingFace | Modelo: facebook/bart-large-cnn | Tipo: bullet
[GoSummarizer] 2025/10/26 09:11:04 solution_summarizer.go:219: Resumen generado correctamente. Longitud: 180 caracteres
[GoSummarizer] 2025/10/26 09:11:04 solution_summarizer.go:220: Primeras palabras: MercadoLibre is one of the principales plataformas de comercio electrónico en Am
[GoSummarizer] 2025/10/26 09:24:19 solution_summarizer.go:72: Logger inicializado correctamente.
[GoSummarizer] 2025/10/26 09:24:20 solution_summarizer.go:102: Inicio de ejecución del CLI Summarizer
[GoSummarizer] 2025/10/26 09:24:20 solution_summarizer.go:192: Enviando solicitud a HuggingFace | Modelo: facebook/bart-large-cnn | Tipo: short
[GoSummarizer] 2025/10/26 09:24:21 solution_summarizer.go:219: Resumen generado correctamente. Longitud: 150 caracteres
[GoSummarizer] 2025/10/26 09:24:21 solution_summarizer.go:220: Primeras palabras: MercadoLibre is one of the principales plataformas de comercio electrónico en Am
